Unity Editor version:    2022.1.15f1 (42973686a05c)
Branch:                  2022.1/staging
Build type:              Release
Batch mode:              YES
macOS version:           Version 12.6 (Build 21G115)
Darwin version:          21.6.0
Architecture:            arm64
Running under Rosetta:   NO
Available memory:        8192 MB
Using pre-set license
Pro License: YES

COMMAND LINE ARGUMENTS:
/Applications/Unity/Hub/Editor/2022.1.15f1/Unity.app/Contents/MacOS/Unity
-adb2
-batchMode
-noUpm
-name
AssetImportWorker0
-projectPath
/Users/mixkage/files/github/SpaceWar/SpaceWarProject
-logFile
Logs/AssetImportWorker0.log
-srvPort
50596
Successfully changed project path to: /Users/mixkage/files/github/SpaceWar/SpaceWarProject
/Users/mixkage/files/github/SpaceWar/SpaceWarProject
[UnityMemory] Configuration Parameters - Can be set up in boot.config
    "memorysetup-bucket-allocator-granularity=16"
    "memorysetup-bucket-allocator-bucket-count=8"
    "memorysetup-bucket-allocator-block-size=33554432"
    "memorysetup-bucket-allocator-block-count=8"
    "memorysetup-main-allocator-block-size=16777216"
    "memorysetup-thread-allocator-block-size=16777216"
    "memorysetup-gfx-main-allocator-block-size=16777216"
    "memorysetup-gfx-thread-allocator-block-size=16777216"
    "memorysetup-cache-allocator-block-size=4194304"
    "memorysetup-typetree-allocator-block-size=2097152"
    "memorysetup-profiler-bucket-allocator-granularity=16"
    "memorysetup-profiler-bucket-allocator-bucket-count=8"
    "memorysetup-profiler-bucket-allocator-block-size=33554432"
    "memorysetup-profiler-bucket-allocator-block-count=8"
    "memorysetup-profiler-allocator-block-size=16777216"
    "memorysetup-profiler-editor-allocator-block-size=1048576"
    "memorysetup-temp-allocator-size-main=16777216"
    "memorysetup-job-temp-allocator-block-size=2097152"
    "memorysetup-job-temp-allocator-block-size-background=1048576"
    "memorysetup-job-temp-allocator-reduction-small-platforms=262144"
    "memorysetup-temp-allocator-size-background-worker=32768"
    "memorysetup-temp-allocator-size-job-worker=262144"
    "memorysetup-temp-allocator-size-preload-manager=33554432"
    "memorysetup-temp-allocator-size-nav-mesh-worker=65536"
    "memorysetup-temp-allocator-size-audio-worker=65536"
    "memorysetup-temp-allocator-size-cloud-worker=32768"
    "memorysetup-temp-allocator-size-gi-baking-worker=262144"
    "memorysetup-temp-allocator-size-gfx=262144"
Refreshing native plugins compatible for Editor in 121.25 ms, found 2 plugins.
Preloading 0 native plugins for Editor in 0.00 ms.
Initialize engine version: 2022.1.15f1 (42973686a05c)
[Subsystems] Discovering subsystems at path /Applications/Unity/Hub/Editor/2022.1.15f1/Unity.app/Contents/Resources/UnitySubsystems
[Subsystems] Discovering subsystems at path /Users/mixkage/files/github/SpaceWar/SpaceWarProject/Assets
GfxDevice: creating device client; threaded=0; jobified=0
 preferred device: Apple M1 (high power)
Metal devices available: 1
0: Apple M1 (high power)
Using device Apple M1 (high power)
Initializing Metal device caps: Apple M1
Initialize mono
Mono path[0] = '/Applications/Unity/Hub/Editor/2022.1.15f1/Unity.app/Contents/Managed'
Mono path[1] = '/Applications/Unity/Hub/Editor/2022.1.15f1/Unity.app/Contents/MonoBleedingEdge/lib/mono/unityjit-macos'
Mono config path = '/Applications/Unity/Hub/Editor/2022.1.15f1/Unity.app/Contents/MonoBleedingEdge/etc'
Using monoOptions --debugger-agent=transport=dt_socket,embedding=1,server=y,suspend=n,address=127.0.0.1:56145
Begin MonoManager ReloadAssembly
Registering precompiled unity dll's ...
Register platform support module: /Applications/Unity/Hub/Editor/2022.1.15f1/Unity.app/Contents/PlaybackEngines/MacStandaloneSupport/UnityEditor.OSXStandalone.Extensions.dll
Registered in 0.001126 seconds.
Native extension for OSXStandalone target not found
Refreshing native plugins compatible for Editor in 192.80 ms, found 2 plugins.
Preloading 0 native plugins for Editor in 0.00 ms.
Mono: successfully reloaded assembly
- Completed reload, in  0.936 seconds
Domain Reload Profiling:
	ReloadAssembly (936ms)
		BeginReloadAssembly (119ms)
			ExecutionOrderSort (0ms)
			DisableScriptedObjects (0ms)
			BackupInstance (0ms)
			ReleaseScriptingObjects (0ms)
			CreateAndSetChildDomain (1ms)
		EndReloadAssembly (702ms)
			LoadAssemblies (119ms)
			RebuildTransferFunctionScriptingTraits (0ms)
			SetupTypeCache (132ms)
				TypeCache.Initialize (130ms)
					TypeCache.ScanAssembly (129ms)
				ResolveRequiredComponents (1ms)
			ReleaseScriptCaches (0ms)
			RebuildScriptCaches (43ms)
			SetupLoadedEditorAssemblies (465ms)
				LogAssemblyErrors (0ms)
				InitializePlatformSupportModulesInManaged (7ms)
				SetLoadedEditorAssemblies (10ms)
				RefreshPlugins (193ms)
				BeforeProcessingInitializeOnLoad (2ms)
				ProcessInitializeOnLoadAttributes (201ms)
				ProcessInitializeOnLoadMethodAttributes (51ms)
				AfterProcessingInitializeOnLoad (0ms)
				EditorAssembliesLoaded (0ms)
			ExecutionOrderSort2 (0ms)
			AwakeInstancesAfterBackupRestoration (0ms)
Platform modules already initialized, skipping
Registering precompiled user dll's ...
Registered in 0.011132 seconds.
Begin MonoManager ReloadAssembly
Symbol file LoadedFromMemory doesn't match image /Users/mixkage/files/github/SpaceWar/SpaceWarProject/Library/PackageCache/com.unity.visualscripting@1.7.8/Editor/VisualScripting.Core/Dependencies/YamlDotNet/Unity.VisualScripting.YamlDotNet.dll
Symbol file LoadedFromMemory doesn't match image /Users/mixkage/files/github/SpaceWar/SpaceWarProject/Library/PackageCache/com.unity.visualscripting@1.7.8/Editor/VisualScripting.Core/Dependencies/DotNetZip/Unity.VisualScripting.IonicZip.dll
Native extension for OSXStandalone target not found
Refreshing native plugins compatible for Editor in 0.75 ms, found 2 plugins.
Preloading 0 native plugins for Editor in 0.00 ms.
Mono: successfully reloaded assembly
- Completed reload, in  1.288 seconds
Domain Reload Profiling:
	ReloadAssembly (1289ms)
		BeginReloadAssembly (89ms)
			ExecutionOrderSort (0ms)
			DisableScriptedObjects (4ms)
			BackupInstance (0ms)
			ReleaseScriptingObjects (0ms)
			CreateAndSetChildDomain (19ms)
		EndReloadAssembly (1086ms)
			LoadAssemblies (90ms)
			RebuildTransferFunctionScriptingTraits (0ms)
			SetupTypeCache (327ms)
				TypeCache.Initialize (317ms)
					TypeCache.ScanAssembly (313ms)
				ResolveRequiredComponents (10ms)
			ReleaseScriptCaches (2ms)
			RebuildScriptCaches (99ms)
			SetupLoadedEditorAssemblies (461ms)
				LogAssemblyErrors (0ms)
				InitializePlatformSupportModulesInManaged (5ms)
				SetLoadedEditorAssemblies (11ms)
				RefreshPlugins (1ms)
				BeforeProcessingInitializeOnLoad (136ms)
				ProcessInitializeOnLoadAttributes (271ms)
				ProcessInitializeOnLoadMethodAttributes (37ms)
				AfterProcessingInitializeOnLoad (1ms)
				EditorAssembliesLoaded (0ms)
			ExecutionOrderSort2 (0ms)
			AwakeInstancesAfterBackupRestoration (4ms)
Platform modules already initialized, skipping
========================================================================
Worker process is ready to serve import requests
Launching external process: /Applications/Unity/Hub/Editor/2022.1.15f1/Unity.app/Contents/Tools/UnityShaderCompiler
Launched and connected shader compiler UnityShaderCompiler after 0.36 seconds
Refreshing native plugins compatible for Editor in 0.50 ms, found 2 plugins.
Preloading 0 native plugins for Editor in 0.00 ms.
Unloading 3753 Unused Serialized files (Serialized files now loaded: 0)
Unloading 31 unused Assets / (46.3 KB). Loaded Objects now: 4212.
Memory consumption went from 0.68 GB to 0.68 GB.
Total: 5.020625 ms (FindLiveObjects: 0.743625 ms CreateObjectMapping: 0.174750 ms MarkObjects: 3.969292 ms  DeleteObjects: 0.130291 ms)

AssetImportParameters requested are different than current active one (requested -> active):
  custom:video-decoder-ogg-theora: a1e56fd34408186e4bbccfd4996cb3dc -> 
  custom:container-muxer-webm: aa71ff27fc2769a1b78a27578f13a17b -> 
  custom:container-demuxer-webm: 4f35f7cbe854078d1ac9338744f61a02 -> 
  custom:video-encoder-webm-vp8: eb34c28f22e8b96e1ab97ce403110664 -> 
  custom:framework-osx-AVFoundation: e770b220cccbd017edd2c1fefb359320 -> 
  custom:audio-encoder-webm-vorbis: bf7c407c2cedff20999df2af8eb42d56 -> 
  custom:container-demuxer-ogg: 62fdf1f143b41e24485cea50d1cbac27 -> 
  custom:video-decoder-webm-vp8: 9c59270c3fd7afecdb556c50c9e8de78 -> 
  custom:audio-decoder-ogg-vorbis: bf7c407c2cedff20999df2af8eb42d56 -> 
========================================================================
Received Import Request.
  Time since last request: 15289.268241 seconds.
  path: Assets/LVL1/Prefabs/SpaceShip.prefab
  artifactKey: Guid(7edf62346430e4dbe9e01a67ccc0b79f) Importer(815301076,1909f56bfc062723c751e8b465ee728b)
Start importing Assets/LVL1/Prefabs/SpaceShip.prefab using Guid(7edf62346430e4dbe9e01a67ccc0b79f) Importer(815301076,1909f56bfc062723c751e8b465ee728b)  -> (artifact id: 'bb750976943e9f4e622726b0ab6c8df6') in 0.179053 seconds 
========================================================================
Received Import Request.
  Time since last request: 74.393151 seconds.
  path: Assets/LVL1/Prefabs/SpaceShip.prefab
  artifactKey: Guid(7edf62346430e4dbe9e01a67ccc0b79f) Importer(815301076,1909f56bfc062723c751e8b465ee728b)
Start importing Assets/LVL1/Prefabs/SpaceShip.prefab using Guid(7edf62346430e4dbe9e01a67ccc0b79f) Importer(815301076,1909f56bfc062723c751e8b465ee728b)  -> (artifact id: '8ce2bb8e5d8c678c5faa4cd3a39bf6c6') in 0.040938 seconds 
========================================================================
Received Import Request.
  Time since last request: 45.828195 seconds.
  path: Assets/LVL1/Prefabs/SpaceShip.prefab
  artifactKey: Guid(7edf62346430e4dbe9e01a67ccc0b79f) Importer(815301076,1909f56bfc062723c751e8b465ee728b)
Start importing Assets/LVL1/Prefabs/SpaceShip.prefab using Guid(7edf62346430e4dbe9e01a67ccc0b79f) Importer(815301076,1909f56bfc062723c751e8b465ee728b)  -> (artifact id: '02e80922affff7ad8f78c026ba94041b') in 0.052284 seconds 
========================================================================
Received Import Request.
  Time since last request: 3.758846 seconds.
  path: Assets/LVL1/Prefabs/SpaceShip.prefab
  artifactKey: Guid(7edf62346430e4dbe9e01a67ccc0b79f) Importer(815301076,1909f56bfc062723c751e8b465ee728b)
Start importing Assets/LVL1/Prefabs/SpaceShip.prefab using Guid(7edf62346430e4dbe9e01a67ccc0b79f) Importer(815301076,1909f56bfc062723c751e8b465ee728b)  -> (artifact id: '3dc98c0ffbddd078bc6794bbc9fb3099') in 0.029822 seconds 
========================================================================
Received Import Request.
  Time since last request: 2.783610 seconds.
  path: Assets/LVL1/Prefabs/SpaceShip.prefab
  artifactKey: Guid(7edf62346430e4dbe9e01a67ccc0b79f) Importer(815301076,1909f56bfc062723c751e8b465ee728b)
Start importing Assets/LVL1/Prefabs/SpaceShip.prefab using Guid(7edf62346430e4dbe9e01a67ccc0b79f) Importer(815301076,1909f56bfc062723c751e8b465ee728b)  -> (artifact id: '50262159cc40fbd74ef5cfa5aaee49a8') in 0.029282 seconds 
========================================================================
Received Import Request.
  Time since last request: 0.583902 seconds.
  path: Assets/LVL1/Prefabs/SpaceShip.prefab
  artifactKey: Guid(7edf62346430e4dbe9e01a67ccc0b79f) Importer(815301076,1909f56bfc062723c751e8b465ee728b)
Start importing Assets/LVL1/Prefabs/SpaceShip.prefab using Guid(7edf62346430e4dbe9e01a67ccc0b79f) Importer(815301076,1909f56bfc062723c751e8b465ee728b)  -> (artifact id: '806b0a8dcd4ae0072870130140620223') in 0.037521 seconds 
========================================================================
Received Import Request.
  Time since last request: 2.373955 seconds.
  path: Assets/LVL1/Prefabs/SpaceShip.prefab
  artifactKey: Guid(7edf62346430e4dbe9e01a67ccc0b79f) Importer(815301076,1909f56bfc062723c751e8b465ee728b)
Start importing Assets/LVL1/Prefabs/SpaceShip.prefab using Guid(7edf62346430e4dbe9e01a67ccc0b79f) Importer(815301076,1909f56bfc062723c751e8b465ee728b)  -> (artifact id: 'f804beef6d560f9392930842603a99a1') in 0.029070 seconds 
========================================================================
Received Import Request.
  Time since last request: 2.450978 seconds.
  path: Assets/LVL1/Prefabs/SpaceShip.prefab
  artifactKey: Guid(7edf62346430e4dbe9e01a67ccc0b79f) Importer(815301076,1909f56bfc062723c751e8b465ee728b)
Start importing Assets/LVL1/Prefabs/SpaceShip.prefab using Guid(7edf62346430e4dbe9e01a67ccc0b79f) Importer(815301076,1909f56bfc062723c751e8b465ee728b)  -> (artifact id: '54206be042f2476084f74a757e2bdae3') in 0.031022 seconds 
========================================================================
Received Import Request.
  Time since last request: 0.128039 seconds.
  path: Assets/LVL1/Prefabs/SpaceShip.prefab
  artifactKey: Guid(7edf62346430e4dbe9e01a67ccc0b79f) Importer(815301076,1909f56bfc062723c751e8b465ee728b)
Start importing Assets/LVL1/Prefabs/SpaceShip.prefab using Guid(7edf62346430e4dbe9e01a67ccc0b79f) Importer(815301076,1909f56bfc062723c751e8b465ee728b)  -> (artifact id: '1fb882d971c6e11d110a7f5054eec048') in 0.028606 seconds 
========================================================================
Received Import Request.
  Time since last request: 3.839628 seconds.
  path: Assets/LVL1/Prefabs/SpaceShip.prefab
  artifactKey: Guid(7edf62346430e4dbe9e01a67ccc0b79f) Importer(815301076,1909f56bfc062723c751e8b465ee728b)
Start importing Assets/LVL1/Prefabs/SpaceShip.prefab using Guid(7edf62346430e4dbe9e01a67ccc0b79f) Importer(815301076,1909f56bfc062723c751e8b465ee728b)  -> (artifact id: 'b6b67b8cf96921b7015298ad437ccb0d') in 0.030176 seconds 
========================================================================
Received Import Request.
  Time since last request: 5.630762 seconds.
  path: Assets/LVL1/Prefabs/SpaceShip.prefab
  artifactKey: Guid(7edf62346430e4dbe9e01a67ccc0b79f) Importer(815301076,1909f56bfc062723c751e8b465ee728b)
Start importing Assets/LVL1/Prefabs/SpaceShip.prefab using Guid(7edf62346430e4dbe9e01a67ccc0b79f) Importer(815301076,1909f56bfc062723c751e8b465ee728b)  -> (artifact id: '06183b11b1a83abdaed1e13faf189293') in 0.029584 seconds 
========================================================================
Received Import Request.
  Time since last request: 8.888764 seconds.
  path: Assets/LVL1/Prefabs/SpaceShip.prefab
  artifactKey: Guid(7edf62346430e4dbe9e01a67ccc0b79f) Importer(815301076,1909f56bfc062723c751e8b465ee728b)
Start importing Assets/LVL1/Prefabs/SpaceShip.prefab using Guid(7edf62346430e4dbe9e01a67ccc0b79f) Importer(815301076,1909f56bfc062723c751e8b465ee728b)  -> (artifact id: '5aa97d04ad31eb7101ef8c56a98133a4') in 0.029044 seconds 
========================================================================
Received Import Request.
  Time since last request: 4.416059 seconds.
  path: Assets/LVL1/Prefabs/SpaceShip.prefab
  artifactKey: Guid(7edf62346430e4dbe9e01a67ccc0b79f) Importer(815301076,1909f56bfc062723c751e8b465ee728b)
Start importing Assets/LVL1/Prefabs/SpaceShip.prefab using Guid(7edf62346430e4dbe9e01a67ccc0b79f) Importer(815301076,1909f56bfc062723c751e8b465ee728b)  -> (artifact id: '460c277939037b2f9d1c5067dd640290') in 0.031200 seconds 
========================================================================
Received Import Request.
  Time since last request: 4.668309 seconds.
  path: Assets/LVL1/Prefabs/SpaceShip.prefab
  artifactKey: Guid(7edf62346430e4dbe9e01a67ccc0b79f) Importer(815301076,1909f56bfc062723c751e8b465ee728b)
Start importing Assets/LVL1/Prefabs/SpaceShip.prefab using Guid(7edf62346430e4dbe9e01a67ccc0b79f) Importer(815301076,1909f56bfc062723c751e8b465ee728b)  -> (artifact id: 'eede239a8feedc7f2af7501f0a87f096') in 0.030877 seconds 
========================================================================
Received Import Request.
  Time since last request: 10.534169 seconds.
  path: Assets/LVL1/Prefabs/SpaceShip.prefab
  artifactKey: Guid(7edf62346430e4dbe9e01a67ccc0b79f) Importer(815301076,1909f56bfc062723c751e8b465ee728b)
Start importing Assets/LVL1/Prefabs/SpaceShip.prefab using Guid(7edf62346430e4dbe9e01a67ccc0b79f) Importer(815301076,1909f56bfc062723c751e8b465ee728b)  -> (artifact id: '3e3a2eb1f697cee1ab48678774b491f1') in 0.028321 seconds 
========================================================================
Received Import Request.
  Time since last request: 9.433296 seconds.
  path: Assets/LVL1/Prefabs/SpaceShip.prefab
  artifactKey: Guid(7edf62346430e4dbe9e01a67ccc0b79f) Importer(815301076,1909f56bfc062723c751e8b465ee728b)
Start importing Assets/LVL1/Prefabs/SpaceShip.prefab using Guid(7edf62346430e4dbe9e01a67ccc0b79f) Importer(815301076,1909f56bfc062723c751e8b465ee728b)  -> (artifact id: '96723ee3305aa3b0da203012c56edc81') in 0.028810 seconds 
========================================================================
Received Import Request.
  Time since last request: 2.177239 seconds.
  path: Assets/LVL1/Prefabs/SpaceShip.prefab
  artifactKey: Guid(7edf62346430e4dbe9e01a67ccc0b79f) Importer(815301076,1909f56bfc062723c751e8b465ee728b)
Start importing Assets/LVL1/Prefabs/SpaceShip.prefab using Guid(7edf62346430e4dbe9e01a67ccc0b79f) Importer(815301076,1909f56bfc062723c751e8b465ee728b)  -> (artifact id: '043ec8b0f3f35760609379184d4c5dcf') in 0.029634 seconds 
========================================================================
Received Import Request.
  Time since last request: 1.993761 seconds.
  path: Assets/LVL1/Prefabs/SpaceShip.prefab
  artifactKey: Guid(7edf62346430e4dbe9e01a67ccc0b79f) Importer(815301076,1909f56bfc062723c751e8b465ee728b)
Start importing Assets/LVL1/Prefabs/SpaceShip.prefab using Guid(7edf62346430e4dbe9e01a67ccc0b79f) Importer(815301076,1909f56bfc062723c751e8b465ee728b)  -> (artifact id: '392928332f77df3c5aea07c46d3513fb') in 0.032408 seconds 
========================================================================
Received Import Request.
  Time since last request: 18.845293 seconds.
  path: Assets/LVL1/Prefabs/SpaceShip.prefab
  artifactKey: Guid(7edf62346430e4dbe9e01a67ccc0b79f) Importer(815301076,1909f56bfc062723c751e8b465ee728b)
Start importing Assets/LVL1/Prefabs/SpaceShip.prefab using Guid(7edf62346430e4dbe9e01a67ccc0b79f) Importer(815301076,1909f56bfc062723c751e8b465ee728b)  -> (artifact id: 'edaec3e7f45213969cf0e6a580c5a7b1') in 0.033723 seconds 
========================================================================
Received Import Request.
  Time since last request: 14.648993 seconds.
  path: Assets/LVL1/Prefabs/SpaceShip.prefab
  artifactKey: Guid(7edf62346430e4dbe9e01a67ccc0b79f) Importer(815301076,1909f56bfc062723c751e8b465ee728b)
Start importing Assets/LVL1/Prefabs/SpaceShip.prefab using Guid(7edf62346430e4dbe9e01a67ccc0b79f) Importer(815301076,1909f56bfc062723c751e8b465ee728b)  -> (artifact id: '40aad5a6a26d002fbb879b06474868f8') in 0.028516 seconds 
========================================================================
Received Import Request.
  Time since last request: 9.114394 seconds.
  path: Assets/LVL1/Prefabs/SpaceShip.prefab
  artifactKey: Guid(7edf62346430e4dbe9e01a67ccc0b79f) Importer(815301076,1909f56bfc062723c751e8b465ee728b)
Start importing Assets/LVL1/Prefabs/SpaceShip.prefab using Guid(7edf62346430e4dbe9e01a67ccc0b79f) Importer(815301076,1909f56bfc062723c751e8b465ee728b)  -> (artifact id: '2fb4bb70d7ae20f022866bbe0d2bb3e0') in 0.028273 seconds 
========================================================================
Received Import Request.
  Time since last request: 12.764963 seconds.
  path: Assets/LVL1/Prefabs/SpaceShip.prefab
  artifactKey: Guid(7edf62346430e4dbe9e01a67ccc0b79f) Importer(815301076,1909f56bfc062723c751e8b465ee728b)
Start importing Assets/LVL1/Prefabs/SpaceShip.prefab using Guid(7edf62346430e4dbe9e01a67ccc0b79f) Importer(815301076,1909f56bfc062723c751e8b465ee728b)  -> (artifact id: 'c80c398495efe5ce5dec4f1c310e028c') in 0.030270 seconds 
========================================================================
Received Import Request.
  Time since last request: 6.080856 seconds.
  path: Assets/LVL1/Prefabs/SpaceShip.prefab
  artifactKey: Guid(7edf62346430e4dbe9e01a67ccc0b79f) Importer(815301076,1909f56bfc062723c751e8b465ee728b)
Start importing Assets/LVL1/Prefabs/SpaceShip.prefab using Guid(7edf62346430e4dbe9e01a67ccc0b79f) Importer(815301076,1909f56bfc062723c751e8b465ee728b)  -> (artifact id: 'cd7784597a9ae949aa97d26025bddf85') in 0.029083 seconds 
========================================================================
Received Import Request.
  Time since last request: 49.721602 seconds.
  path: Assets/LVL1/Prefabs/SpaceShip.prefab
  artifactKey: Guid(7edf62346430e4dbe9e01a67ccc0b79f) Importer(815301076,1909f56bfc062723c751e8b465ee728b)
Start importing Assets/LVL1/Prefabs/SpaceShip.prefab using Guid(7edf62346430e4dbe9e01a67ccc0b79f) Importer(815301076,1909f56bfc062723c751e8b465ee728b)  -> (artifact id: '81dca0a4fcc412c9e9ea94d0946672ca') in 0.033528 seconds 
========================================================================
Received Import Request.
  Time since last request: 52.607837 seconds.
  path: Assets/LVL1/Prefabs/SpaceShip.prefab
  artifactKey: Guid(7edf62346430e4dbe9e01a67ccc0b79f) Importer(815301076,1909f56bfc062723c751e8b465ee728b)
Start importing Assets/LVL1/Prefabs/SpaceShip.prefab using Guid(7edf62346430e4dbe9e01a67ccc0b79f) Importer(815301076,1909f56bfc062723c751e8b465ee728b)  -> (artifact id: '99c42ba48a21960b0386c00ea8e29f91') in 0.033217 seconds 
========================================================================
Received Import Request.
  Time since last request: 7.203227 seconds.
  path: Assets/LVL1/Prefabs/SpaceShip.prefab
  artifactKey: Guid(7edf62346430e4dbe9e01a67ccc0b79f) Importer(815301076,1909f56bfc062723c751e8b465ee728b)
Start importing Assets/LVL1/Prefabs/SpaceShip.prefab using Guid(7edf62346430e4dbe9e01a67ccc0b79f) Importer(815301076,1909f56bfc062723c751e8b465ee728b)  -> (artifact id: '7072990bcd20434c8fd99b710453b568') in 0.029989 seconds 
========================================================================
Received Import Request.
  Time since last request: 3.845308 seconds.
  path: Assets/LVL1/Prefabs/SpaceShip.prefab
  artifactKey: Guid(7edf62346430e4dbe9e01a67ccc0b79f) Importer(815301076,1909f56bfc062723c751e8b465ee728b)
Start importing Assets/LVL1/Prefabs/SpaceShip.prefab using Guid(7edf62346430e4dbe9e01a67ccc0b79f) Importer(815301076,1909f56bfc062723c751e8b465ee728b)  -> (artifact id: 'c208b2e3aa177323b61f94ad78100833') in 0.028450 seconds 
========================================================================
Received Prepare
Registering precompiled user dll's ...
Registered in 0.002863 seconds.
Begin MonoManager ReloadAssembly
Thread 0x2a8d87000 may have been prematurely finalized
Symbol file LoadedFromMemory doesn't match image /Users/mixkage/files/github/SpaceWar/SpaceWarProject/Library/PackageCache/com.unity.visualscripting@1.7.8/Editor/VisualScripting.Core/Dependencies/YamlDotNet/Unity.VisualScripting.YamlDotNet.dll
Symbol file LoadedFromMemory doesn't match image /Users/mixkage/files/github/SpaceWar/SpaceWarProject/Library/PackageCache/com.unity.visualscripting@1.7.8/Editor/VisualScripting.Core/Dependencies/DotNetZip/Unity.VisualScripting.IonicZip.dll
Native extension for OSXStandalone target not found
Refreshing native plugins compatible for Editor in 0.55 ms, found 2 plugins.
Preloading 0 native plugins for Editor in 0.00 ms.
Mono: successfully reloaded assembly
- Completed reload, in  1.241 seconds
Domain Reload Profiling:
	ReloadAssembly (1241ms)
		BeginReloadAssembly (168ms)
			ExecutionOrderSort (0ms)
			DisableScriptedObjects (8ms)
			BackupInstance (0ms)
			ReleaseScriptingObjects (0ms)
			CreateAndSetChildDomain (72ms)
		EndReloadAssembly (966ms)
			LoadAssemblies (61ms)
			RebuildTransferFunctionScriptingTraits (0ms)
			SetupTypeCache (419ms)
				TypeCache.Initialize (404ms)
					TypeCache.ScanAssembly (398ms)
				ResolveRequiredComponents (15ms)
			ReleaseScriptCaches (2ms)
			RebuildScriptCaches (95ms)
			SetupLoadedEditorAssemblies (301ms)
				LogAssemblyErrors (0ms)
				InitializePlatformSupportModulesInManaged (9ms)
				SetLoadedEditorAssemblies (8ms)
				RefreshPlugins (1ms)
				BeforeProcessingInitializeOnLoad (64ms)
				ProcessInitializeOnLoadAttributes (186ms)
				ProcessInitializeOnLoadMethodAttributes (32ms)
				AfterProcessingInitializeOnLoad (1ms)
				EditorAssembliesLoaded (0ms)
			ExecutionOrderSort2 (0ms)
			AwakeInstancesAfterBackupRestoration (3ms)
Platform modules already initialized, skipping
Refreshing native plugins compatible for Editor in 1.54 ms, found 2 plugins.
Preloading 0 native plugins for Editor in 0.00 ms.
Unloading 3733 Unused Serialized files (Serialized files now loaded: 0)
Unloading 24 unused Assets / (22.7 KB). Loaded Objects now: 4225.
Memory consumption went from 0.69 GB to 0.69 GB.
Total: 3.497958 ms (FindLiveObjects: 0.193750 ms CreateObjectMapping: 0.074708 ms MarkObjects: 3.198916 ms  DeleteObjects: 0.030416 ms)

AssetImportParameters requested are different than current active one (requested -> active):
  custom:video-decoder-ogg-theora: a1e56fd34408186e4bbccfd4996cb3dc -> 
  custom:container-muxer-webm: aa71ff27fc2769a1b78a27578f13a17b -> 
  custom:container-demuxer-webm: 4f35f7cbe854078d1ac9338744f61a02 -> 
  custom:video-encoder-webm-vp8: eb34c28f22e8b96e1ab97ce403110664 -> 
  custom:framework-osx-AVFoundation: e770b220cccbd017edd2c1fefb359320 -> 
  custom:audio-encoder-webm-vorbis: bf7c407c2cedff20999df2af8eb42d56 -> 
  custom:container-demuxer-ogg: 62fdf1f143b41e24485cea50d1cbac27 -> 
  custom:video-decoder-webm-vp8: 9c59270c3fd7afecdb556c50c9e8de78 -> 
  custom:audio-decoder-ogg-vorbis: bf7c407c2cedff20999df2af8eb42d56 -> 
========================================================================
Received Prepare
Registering precompiled user dll's ...
Registered in 0.002684 seconds.
Begin MonoManager ReloadAssembly
Thread 0x17b31b000 may have been prematurely finalized
Symbol file LoadedFromMemory doesn't match image /Users/mixkage/files/github/SpaceWar/SpaceWarProject/Library/PackageCache/com.unity.visualscripting@1.7.8/Editor/VisualScripting.Core/Dependencies/YamlDotNet/Unity.VisualScripting.YamlDotNet.dll
Symbol file LoadedFromMemory doesn't match image /Users/mixkage/files/github/SpaceWar/SpaceWarProject/Library/PackageCache/com.unity.visualscripting@1.7.8/Editor/VisualScripting.Core/Dependencies/DotNetZip/Unity.VisualScripting.IonicZip.dll
Native extension for OSXStandalone target not found
Refreshing native plugins compatible for Editor in 0.46 ms, found 2 plugins.
Preloading 0 native plugins for Editor in 0.00 ms.
Mono: successfully reloaded assembly
- Completed reload, in  0.931 seconds
Domain Reload Profiling:
	ReloadAssembly (931ms)
		BeginReloadAssembly (102ms)
			ExecutionOrderSort (0ms)
			DisableScriptedObjects (4ms)
			BackupInstance (0ms)
			ReleaseScriptingObjects (0ms)
			CreateAndSetChildDomain (36ms)
		EndReloadAssembly (742ms)
			LoadAssemblies (51ms)
			RebuildTransferFunctionScriptingTraits (0ms)
			SetupTypeCache (298ms)
				TypeCache.Initialize (292ms)
					TypeCache.ScanAssembly (288ms)
				ResolveRequiredComponents (7ms)
			ReleaseScriptCaches (2ms)
			RebuildScriptCaches (42ms)
			SetupLoadedEditorAssemblies (298ms)
				LogAssemblyErrors (0ms)
				InitializePlatformSupportModulesInManaged (7ms)
				SetLoadedEditorAssemblies (7ms)
				RefreshPlugins (1ms)
				BeforeProcessingInitializeOnLoad (54ms)
				ProcessInitializeOnLoadAttributes (191ms)
				ProcessInitializeOnLoadMethodAttributes (37ms)
				AfterProcessingInitializeOnLoad (1ms)
				EditorAssembliesLoaded (0ms)
			ExecutionOrderSort2 (0ms)
			AwakeInstancesAfterBackupRestoration (4ms)
Platform modules already initialized, skipping
Refreshing native plugins compatible for Editor in 1.96 ms, found 2 plugins.
Preloading 0 native plugins for Editor in 0.00 ms.
Unloading 3733 Unused Serialized files (Serialized files now loaded: 0)
Unloading 23 unused Assets / (22.0 KB). Loaded Objects now: 4228.
Memory consumption went from 0.69 GB to 0.69 GB.
Total: 5.645125 ms (FindLiveObjects: 0.261417 ms CreateObjectMapping: 0.129334 ms MarkObjects: 5.208291 ms  DeleteObjects: 0.045166 ms)

AssetImportParameters requested are different than current active one (requested -> active):
  custom:video-decoder-ogg-theora: a1e56fd34408186e4bbccfd4996cb3dc -> 
  custom:container-muxer-webm: aa71ff27fc2769a1b78a27578f13a17b -> 
  custom:container-demuxer-webm: 4f35f7cbe854078d1ac9338744f61a02 -> 
  custom:video-encoder-webm-vp8: eb34c28f22e8b96e1ab97ce403110664 -> 
  custom:framework-osx-AVFoundation: e770b220cccbd017edd2c1fefb359320 -> 
  custom:audio-encoder-webm-vorbis: bf7c407c2cedff20999df2af8eb42d56 -> 
  custom:container-demuxer-ogg: 62fdf1f143b41e24485cea50d1cbac27 -> 
  custom:video-decoder-webm-vp8: 9c59270c3fd7afecdb556c50c9e8de78 -> 
  custom:audio-decoder-ogg-vorbis: bf7c407c2cedff20999df2af8eb42d56 -> 
========================================================================
Received Import Request.
  Time since last request: 180.712457 seconds.
  path: Assets/LVL1/Prefabs/SpaceShip.prefab
  artifactKey: Guid(7edf62346430e4dbe9e01a67ccc0b79f) Importer(815301076,1909f56bfc062723c751e8b465ee728b)
Start importing Assets/LVL1/Prefabs/SpaceShip.prefab using Guid(7edf62346430e4dbe9e01a67ccc0b79f) Importer(815301076,1909f56bfc062723c751e8b465ee728b)  -> (artifact id: '2b8e7c83f56eb1e66b71162f77559aa1') in 0.262722 seconds 
========================================================================
Received Prepare
Registering precompiled user dll's ...
Registered in 0.001991 seconds.
Begin MonoManager ReloadAssembly
Thread 0x16e3fb000 may have been prematurely finalized
Symbol file LoadedFromMemory doesn't match image /Users/mixkage/files/github/SpaceWar/SpaceWarProject/Library/PackageCache/com.unity.visualscripting@1.7.8/Editor/VisualScripting.Core/Dependencies/YamlDotNet/Unity.VisualScripting.YamlDotNet.dll
Symbol file LoadedFromMemory doesn't match image /Users/mixkage/files/github/SpaceWar/SpaceWarProject/Library/PackageCache/com.unity.visualscripting@1.7.8/Editor/VisualScripting.Core/Dependencies/DotNetZip/Unity.VisualScripting.IonicZip.dll
Native extension for OSXStandalone target not found
Refreshing native plugins compatible for Editor in 0.58 ms, found 2 plugins.
Preloading 0 native plugins for Editor in 0.00 ms.
Mono: successfully reloaded assembly
- Completed reload, in  1.108 seconds
Domain Reload Profiling:
	ReloadAssembly (1109ms)
		BeginReloadAssembly (211ms)
			ExecutionOrderSort (0ms)
			DisableScriptedObjects (8ms)
			BackupInstance (0ms)
			ReleaseScriptingObjects (0ms)
			CreateAndSetChildDomain (119ms)
		EndReloadAssembly (806ms)
			LoadAssemblies (61ms)
			RebuildTransferFunctionScriptingTraits (4ms)
			SetupTypeCache (325ms)
				TypeCache.Initialize (318ms)
					TypeCache.ScanAssembly (313ms)
				ResolveRequiredComponents (7ms)
			ReleaseScriptCaches (6ms)
			RebuildScriptCaches (51ms)
			SetupLoadedEditorAssemblies (312ms)
				LogAssemblyErrors (0ms)
				InitializePlatformSupportModulesInManaged (7ms)
				SetLoadedEditorAssemblies (6ms)
				RefreshPlugins (1ms)
				BeforeProcessingInitializeOnLoad (71ms)
				ProcessInitializeOnLoadAttributes (191ms)
				ProcessInitializeOnLoadMethodAttributes (35ms)
				AfterProcessingInitializeOnLoad (1ms)
				EditorAssembliesLoaded (0ms)
			ExecutionOrderSort2 (0ms)
			AwakeInstancesAfterBackupRestoration (4ms)
Platform modules already initialized, skipping
Refreshing native plugins compatible for Editor in 1.70 ms, found 2 plugins.
Preloading 0 native plugins for Editor in 0.00 ms.
Unloading 3733 Unused Serialized files (Serialized files now loaded: 0)
Unloading 24 unused Assets / (22.7 KB). Loaded Objects now: 4231.
Memory consumption went from 0.69 GB to 0.69 GB.
Total: 6.992042 ms (FindLiveObjects: 0.194500 ms CreateObjectMapping: 0.110250 ms MarkObjects: 6.623041 ms  DeleteObjects: 0.063125 ms)

AssetImportParameters requested are different than current active one (requested -> active):
  custom:video-decoder-ogg-theora: a1e56fd34408186e4bbccfd4996cb3dc -> 
  custom:container-muxer-webm: aa71ff27fc2769a1b78a27578f13a17b -> 
  custom:container-demuxer-webm: 4f35f7cbe854078d1ac9338744f61a02 -> 
  custom:video-encoder-webm-vp8: eb34c28f22e8b96e1ab97ce403110664 -> 
  custom:framework-osx-AVFoundation: e770b220cccbd017edd2c1fefb359320 -> 
  custom:audio-encoder-webm-vorbis: bf7c407c2cedff20999df2af8eb42d56 -> 
  custom:container-demuxer-ogg: 62fdf1f143b41e24485cea50d1cbac27 -> 
  custom:video-decoder-webm-vp8: 9c59270c3fd7afecdb556c50c9e8de78 -> 
  custom:audio-decoder-ogg-vorbis: bf7c407c2cedff20999df2af8eb42d56 -> 
========================================================================
Received Prepare
Registering precompiled user dll's ...
Registered in 0.001975 seconds.
Begin MonoManager ReloadAssembly
Thread 0x16e3fb000 may have been prematurely finalized
Symbol file LoadedFromMemory doesn't match image /Users/mixkage/files/github/SpaceWar/SpaceWarProject/Library/PackageCache/com.unity.visualscripting@1.7.8/Editor/VisualScripting.Core/Dependencies/YamlDotNet/Unity.VisualScripting.YamlDotNet.dll
Symbol file LoadedFromMemory doesn't match image /Users/mixkage/files/github/SpaceWar/SpaceWarProject/Library/PackageCache/com.unity.visualscripting@1.7.8/Editor/VisualScripting.Core/Dependencies/DotNetZip/Unity.VisualScripting.IonicZip.dll
Native extension for OSXStandalone target not found
Refreshing native plugins compatible for Editor in 0.61 ms, found 2 plugins.
Preloading 0 native plugins for Editor in 0.00 ms.
Mono: successfully reloaded assembly
- Completed reload, in  1.236 seconds
Domain Reload Profiling:
	ReloadAssembly (1237ms)
		BeginReloadAssembly (114ms)
			ExecutionOrderSort (0ms)
			DisableScriptedObjects (5ms)
			BackupInstance (0ms)
			ReleaseScriptingObjects (0ms)
			CreateAndSetChildDomain (44ms)
		EndReloadAssembly (1033ms)
			LoadAssemblies (54ms)
			RebuildTransferFunctionScriptingTraits (0ms)
			SetupTypeCache (323ms)
				TypeCache.Initialize (316ms)
					TypeCache.ScanAssembly (310ms)
				ResolveRequiredComponents (7ms)
			ReleaseScriptCaches (1ms)
			RebuildScriptCaches (47ms)
			SetupLoadedEditorAssemblies (534ms)
				LogAssemblyErrors (0ms)
				InitializePlatformSupportModulesInManaged (10ms)
				SetLoadedEditorAssemblies (8ms)
				RefreshPlugins (1ms)
				BeforeProcessingInitializeOnLoad (69ms)
				ProcessInitializeOnLoadAttributes (374ms)
				ProcessInitializeOnLoadMethodAttributes (70ms)
				AfterProcessingInitializeOnLoad (1ms)
				EditorAssembliesLoaded (0ms)
			ExecutionOrderSort2 (0ms)
			AwakeInstancesAfterBackupRestoration (6ms)
Platform modules already initialized, skipping
Refreshing native plugins compatible for Editor in 1.84 ms, found 2 plugins.
Preloading 0 native plugins for Editor in 0.00 ms.
Unloading 3733 Unused Serialized files (Serialized files now loaded: 0)
Unloading 23 unused Assets / (21.9 KB). Loaded Objects now: 4234.
Memory consumption went from 0.69 GB to 0.69 GB.
Total: 6.317959 ms (FindLiveObjects: 0.250041 ms CreateObjectMapping: 0.144583 ms MarkObjects: 5.862333 ms  DeleteObjects: 0.059875 ms)

AssetImportParameters requested are different than current active one (requested -> active):
  custom:video-decoder-ogg-theora: a1e56fd34408186e4bbccfd4996cb3dc -> 
  custom:container-muxer-webm: aa71ff27fc2769a1b78a27578f13a17b -> 
  custom:container-demuxer-webm: 4f35f7cbe854078d1ac9338744f61a02 -> 
  custom:video-encoder-webm-vp8: eb34c28f22e8b96e1ab97ce403110664 -> 
  custom:framework-osx-AVFoundation: e770b220cccbd017edd2c1fefb359320 -> 
  custom:audio-encoder-webm-vorbis: bf7c407c2cedff20999df2af8eb42d56 -> 
  custom:container-demuxer-ogg: 62fdf1f143b41e24485cea50d1cbac27 -> 
  custom:video-decoder-webm-vp8: 9c59270c3fd7afecdb556c50c9e8de78 -> 
  custom:audio-decoder-ogg-vorbis: bf7c407c2cedff20999df2af8eb42d56 -> 
========================================================================
Received Import Request.
  Time since last request: 58.572487 seconds.
  path: Assets/LVL1/Prefabs/SpaceShip.prefab
  artifactKey: Guid(7edf62346430e4dbe9e01a67ccc0b79f) Importer(815301076,1909f56bfc062723c751e8b465ee728b)
Start importing Assets/LVL1/Prefabs/SpaceShip.prefab using Guid(7edf62346430e4dbe9e01a67ccc0b79f) Importer(815301076,1909f56bfc062723c751e8b465ee728b)  -> (artifact id: '31687bb4ec7a5b479fd14b829b463f35') in 0.125530 seconds 
========================================================================
Received Prepare
Registering precompiled user dll's ...
Registered in 0.002581 seconds.
Begin MonoManager ReloadAssembly
Thread 0x16e3fb000 may have been prematurely finalized
Symbol file LoadedFromMemory doesn't match image /Users/mixkage/files/github/SpaceWar/SpaceWarProject/Library/PackageCache/com.unity.visualscripting@1.7.8/Editor/VisualScripting.Core/Dependencies/YamlDotNet/Unity.VisualScripting.YamlDotNet.dll
Symbol file LoadedFromMemory doesn't match image /Users/mixkage/files/github/SpaceWar/SpaceWarProject/Library/PackageCache/com.unity.visualscripting@1.7.8/Editor/VisualScripting.Core/Dependencies/DotNetZip/Unity.VisualScripting.IonicZip.dll
Native extension for OSXStandalone target not found
Refreshing native plugins compatible for Editor in 3.58 ms, found 2 plugins.
Preloading 0 native plugins for Editor in 0.00 ms.
Mono: successfully reloaded assembly
- Completed reload, in  1.604 seconds
Domain Reload Profiling:
	ReloadAssembly (1606ms)
		BeginReloadAssembly (172ms)
			ExecutionOrderSort (0ms)
			DisableScriptedObjects (5ms)
			BackupInstance (0ms)
			ReleaseScriptingObjects (0ms)
			CreateAndSetChildDomain (93ms)
		EndReloadAssembly (1345ms)
			LoadAssemblies (63ms)
			RebuildTransferFunctionScriptingTraits (0ms)
			SetupTypeCache (410ms)
				TypeCache.Initialize (396ms)
					TypeCache.ScanAssembly (388ms)
				ResolveRequiredComponents (14ms)
			ReleaseScriptCaches (3ms)
			RebuildScriptCaches (97ms)
			SetupLoadedEditorAssemblies (624ms)
				LogAssemblyErrors (0ms)
				InitializePlatformSupportModulesInManaged (15ms)
				SetLoadedEditorAssemblies (15ms)
				RefreshPlugins (4ms)
				BeforeProcessingInitializeOnLoad (133ms)
				ProcessInitializeOnLoadAttributes (388ms)
				ProcessInitializeOnLoadMethodAttributes (67ms)
				AfterProcessingInitializeOnLoad (1ms)
				EditorAssembliesLoaded (0ms)
			ExecutionOrderSort2 (0ms)
			AwakeInstancesAfterBackupRestoration (7ms)
Platform modules already initialized, skipping
Refreshing native plugins compatible for Editor in 3.01 ms, found 2 plugins.
Preloading 0 native plugins for Editor in 0.00 ms.
Unloading 3733 Unused Serialized files (Serialized files now loaded: 0)
Unloading 24 unused Assets / (22.8 KB). Loaded Objects now: 4237.
Memory consumption went from 0.69 GB to 0.69 GB.
Total: 7.816250 ms (FindLiveObjects: 0.316667 ms CreateObjectMapping: 0.220709 ms MarkObjects: 7.206167 ms  DeleteObjects: 0.071000 ms)

AssetImportParameters requested are different than current active one (requested -> active):
  custom:video-decoder-ogg-theora: a1e56fd34408186e4bbccfd4996cb3dc -> 
  custom:container-muxer-webm: aa71ff27fc2769a1b78a27578f13a17b -> 
  custom:container-demuxer-webm: 4f35f7cbe854078d1ac9338744f61a02 -> 
  custom:video-encoder-webm-vp8: eb34c28f22e8b96e1ab97ce403110664 -> 
  custom:framework-osx-AVFoundation: e770b220cccbd017edd2c1fefb359320 -> 
  custom:audio-encoder-webm-vorbis: bf7c407c2cedff20999df2af8eb42d56 -> 
  custom:container-demuxer-ogg: 62fdf1f143b41e24485cea50d1cbac27 -> 
  custom:video-decoder-webm-vp8: 9c59270c3fd7afecdb556c50c9e8de78 -> 
  custom:audio-decoder-ogg-vorbis: bf7c407c2cedff20999df2af8eb42d56 -> 
========================================================================
Received Import Request.
  Time since last request: 26.556592 seconds.
  path: Assets/LVL1/Prefabs/SpaceShip.prefab
  artifactKey: Guid(7edf62346430e4dbe9e01a67ccc0b79f) Importer(815301076,1909f56bfc062723c751e8b465ee728b)
Start importing Assets/LVL1/Prefabs/SpaceShip.prefab using Guid(7edf62346430e4dbe9e01a67ccc0b79f) Importer(815301076,1909f56bfc062723c751e8b465ee728b)  -> (artifact id: '2479ff5b7c52e2eb2fdf3704a95ddeff') in 0.190292 seconds 
========================================================================
Received Prepare
Registering precompiled user dll's ...
Registered in 0.002289 seconds.
Begin MonoManager ReloadAssembly
Thread 0x16e3fb000 may have been prematurely finalized
Symbol file LoadedFromMemory doesn't match image /Users/mixkage/files/github/SpaceWar/SpaceWarProject/Library/PackageCache/com.unity.visualscripting@1.7.8/Editor/VisualScripting.Core/Dependencies/YamlDotNet/Unity.VisualScripting.YamlDotNet.dll
Symbol file LoadedFromMemory doesn't match image /Users/mixkage/files/github/SpaceWar/SpaceWarProject/Library/PackageCache/com.unity.visualscripting@1.7.8/Editor/VisualScripting.Core/Dependencies/DotNetZip/Unity.VisualScripting.IonicZip.dll
Native extension for OSXStandalone target not found
Refreshing native plugins compatible for Editor in 1.47 ms, found 2 plugins.
Preloading 0 native plugins for Editor in 0.00 ms.
Mono: successfully reloaded assembly
- Completed reload, in  1.172 seconds
Domain Reload Profiling:
	ReloadAssembly (1173ms)
		BeginReloadAssembly (139ms)
			ExecutionOrderSort (0ms)
			DisableScriptedObjects (5ms)
			BackupInstance (0ms)
			ReleaseScriptingObjects (0ms)
			CreateAndSetChildDomain (62ms)
		EndReloadAssembly (933ms)
			LoadAssemblies (62ms)
			RebuildTransferFunctionScriptingTraits (0ms)
			SetupTypeCache (365ms)
				TypeCache.Initialize (353ms)
					TypeCache.ScanAssembly (348ms)
				ResolveRequiredComponents (12ms)
			ReleaseScriptCaches (6ms)
			RebuildScriptCaches (71ms)
			SetupLoadedEditorAssemblies (330ms)
				LogAssemblyErrors (0ms)
				InitializePlatformSupportModulesInManaged (10ms)
				SetLoadedEditorAssemblies (10ms)
				RefreshPlugins (2ms)
				BeforeProcessingInitializeOnLoad (73ms)
				ProcessInitializeOnLoadAttributes (203ms)
				ProcessInitializeOnLoadMethodAttributes (32ms)
				AfterProcessingInitializeOnLoad (1ms)
				EditorAssembliesLoaded (0ms)
			ExecutionOrderSort2 (0ms)
			AwakeInstancesAfterBackupRestoration (3ms)
Platform modules already initialized, skipping
Refreshing native plugins compatible for Editor in 1.57 ms, found 2 plugins.
Preloading 0 native plugins for Editor in 0.00 ms.
Unloading 3733 Unused Serialized files (Serialized files now loaded: 0)
Unloading 24 unused Assets / (22.8 KB). Loaded Objects now: 4240.
Memory consumption went from 0.69 GB to 0.69 GB.
Total: 5.430292 ms (FindLiveObjects: 0.152125 ms CreateObjectMapping: 0.100375 ms MarkObjects: 5.134209 ms  DeleteObjects: 0.042750 ms)

AssetImportParameters requested are different than current active one (requested -> active):
  custom:video-decoder-ogg-theora: a1e56fd34408186e4bbccfd4996cb3dc -> 
  custom:container-muxer-webm: aa71ff27fc2769a1b78a27578f13a17b -> 
  custom:container-demuxer-webm: 4f35f7cbe854078d1ac9338744f61a02 -> 
  custom:video-encoder-webm-vp8: eb34c28f22e8b96e1ab97ce403110664 -> 
  custom:framework-osx-AVFoundation: e770b220cccbd017edd2c1fefb359320 -> 
  custom:audio-encoder-webm-vorbis: bf7c407c2cedff20999df2af8eb42d56 -> 
  custom:container-demuxer-ogg: 62fdf1f143b41e24485cea50d1cbac27 -> 
  custom:video-decoder-webm-vp8: 9c59270c3fd7afecdb556c50c9e8de78 -> 
  custom:audio-decoder-ogg-vorbis: bf7c407c2cedff20999df2af8eb42d56 -> 
========================================================================
Received Prepare
Registering precompiled user dll's ...
Registered in 0.002257 seconds.
Begin MonoManager ReloadAssembly
Thread 0x16e3fb000 may have been prematurely finalized
Symbol file LoadedFromMemory doesn't match image /Users/mixkage/files/github/SpaceWar/SpaceWarProject/Library/PackageCache/com.unity.visualscripting@1.7.8/Editor/VisualScripting.Core/Dependencies/YamlDotNet/Unity.VisualScripting.YamlDotNet.dll
Symbol file LoadedFromMemory doesn't match image /Users/mixkage/files/github/SpaceWar/SpaceWarProject/Library/PackageCache/com.unity.visualscripting@1.7.8/Editor/VisualScripting.Core/Dependencies/DotNetZip/Unity.VisualScripting.IonicZip.dll
Native extension for OSXStandalone target not found
Refreshing native plugins compatible for Editor in 1.63 ms, found 2 plugins.
Preloading 0 native plugins for Editor in 0.00 ms.
Mono: successfully reloaded assembly
- Completed reload, in  1.342 seconds
Domain Reload Profiling:
	ReloadAssembly (1343ms)
		BeginReloadAssembly (128ms)
			ExecutionOrderSort (0ms)
			DisableScriptedObjects (6ms)
			BackupInstance (0ms)
			ReleaseScriptingObjects (0ms)
			CreateAndSetChildDomain (51ms)
		EndReloadAssembly (1114ms)
			LoadAssemblies (58ms)
			RebuildTransferFunctionScriptingTraits (0ms)
			SetupTypeCache (350ms)
				TypeCache.Initialize (342ms)
					TypeCache.ScanAssembly (338ms)
				ResolveRequiredComponents (8ms)
			ReleaseScriptCaches (2ms)
			RebuildScriptCaches (47ms)
			SetupLoadedEditorAssemblies (578ms)
				LogAssemblyErrors (0ms)
				InitializePlatformSupportModulesInManaged (9ms)
				SetLoadedEditorAssemblies (9ms)
				RefreshPlugins (2ms)
				BeforeProcessingInitializeOnLoad (78ms)
				ProcessInitializeOnLoadAttributes (406ms)
				ProcessInitializeOnLoadMethodAttributes (72ms)
				AfterProcessingInitializeOnLoad (2ms)
				EditorAssembliesLoaded (0ms)
			ExecutionOrderSort2 (0ms)
			AwakeInstancesAfterBackupRestoration (7ms)
Platform modules already initialized, skipping
Refreshing native plugins compatible for Editor in 2.43 ms, found 2 plugins.
Preloading 0 native plugins for Editor in 0.00 ms.
Unloading 3733 Unused Serialized files (Serialized files now loaded: 0)
Unloading 23 unused Assets / (22.0 KB). Loaded Objects now: 4243.
Memory consumption went from 0.69 GB to 0.69 GB.
Total: 5.801292 ms (FindLiveObjects: 0.246584 ms CreateObjectMapping: 0.187584 ms MarkObjects: 5.298917 ms  DeleteObjects: 0.067291 ms)

AssetImportParameters requested are different than current active one (requested -> active):
  custom:video-decoder-ogg-theora: a1e56fd34408186e4bbccfd4996cb3dc -> 
  custom:container-muxer-webm: aa71ff27fc2769a1b78a27578f13a17b -> 
  custom:container-demuxer-webm: 4f35f7cbe854078d1ac9338744f61a02 -> 
  custom:video-encoder-webm-vp8: eb34c28f22e8b96e1ab97ce403110664 -> 
  custom:framework-osx-AVFoundation: e770b220cccbd017edd2c1fefb359320 -> 
  custom:audio-encoder-webm-vorbis: bf7c407c2cedff20999df2af8eb42d56 -> 
  custom:container-demuxer-ogg: 62fdf1f143b41e24485cea50d1cbac27 -> 
  custom:video-decoder-webm-vp8: 9c59270c3fd7afecdb556c50c9e8de78 -> 
  custom:audio-decoder-ogg-vorbis: bf7c407c2cedff20999df2af8eb42d56 -> 
========================================================================
Received Import Request.
  Time since last request: 102.302413 seconds.
  path: Assets/LVL1/Prefabs/SpaceShip.prefab
  artifactKey: Guid(7edf62346430e4dbe9e01a67ccc0b79f) Importer(815301076,1909f56bfc062723c751e8b465ee728b)
Start importing Assets/LVL1/Prefabs/SpaceShip.prefab using Guid(7edf62346430e4dbe9e01a67ccc0b79f) Importer(815301076,1909f56bfc062723c751e8b465ee728b)  -> (artifact id: '9eaa84bb0466adeee3b298b18847ed25') in 0.262033 seconds 
========================================================================
Received Prepare
Registering precompiled user dll's ...
Registered in 0.002015 seconds.
Begin MonoManager ReloadAssembly
Thread 0x16e3fb000 may have been prematurely finalized
Symbol file LoadedFromMemory doesn't match image /Users/mixkage/files/github/SpaceWar/SpaceWarProject/Library/PackageCache/com.unity.visualscripting@1.7.8/Editor/VisualScripting.Core/Dependencies/YamlDotNet/Unity.VisualScripting.YamlDotNet.dll
Symbol file LoadedFromMemory doesn't match image /Users/mixkage/files/github/SpaceWar/SpaceWarProject/Library/PackageCache/com.unity.visualscripting@1.7.8/Editor/VisualScripting.Core/Dependencies/DotNetZip/Unity.VisualScripting.IonicZip.dll
Native extension for OSXStandalone target not found
Refreshing native plugins compatible for Editor in 0.45 ms, found 2 plugins.
Preloading 0 native plugins for Editor in 0.00 ms.
Mono: successfully reloaded assembly
- Completed reload, in  1.226 seconds
Domain Reload Profiling:
	ReloadAssembly (1227ms)
		BeginReloadAssembly (201ms)
			ExecutionOrderSort (0ms)
			DisableScriptedObjects (8ms)
			BackupInstance (0ms)
			ReleaseScriptingObjects (0ms)
			CreateAndSetChildDomain (102ms)
		EndReloadAssembly (921ms)
			LoadAssemblies (83ms)
			RebuildTransferFunctionScriptingTraits (0ms)
			SetupTypeCache (453ms)
				TypeCache.Initialize (445ms)
					TypeCache.ScanAssembly (440ms)
				ResolveRequiredComponents (8ms)
			ReleaseScriptCaches (1ms)
			RebuildScriptCaches (46ms)
			SetupLoadedEditorAssemblies (299ms)
				LogAssemblyErrors (0ms)
				InitializePlatformSupportModulesInManaged (7ms)
				SetLoadedEditorAssemblies (6ms)
				RefreshPlugins (0ms)
				BeforeProcessingInitializeOnLoad (55ms)
				ProcessInitializeOnLoadAttributes (195ms)
				ProcessInitializeOnLoadMethodAttributes (34ms)
				AfterProcessingInitializeOnLoad (1ms)
				EditorAssembliesLoaded (0ms)
			ExecutionOrderSort2 (0ms)
			AwakeInstancesAfterBackupRestoration (4ms)
Platform modules already initialized, skipping
Refreshing native plugins compatible for Editor in 1.13 ms, found 2 plugins.
Preloading 0 native plugins for Editor in 0.00 ms.
Unloading 3733 Unused Serialized files (Serialized files now loaded: 0)
Unloading 24 unused Assets / (22.7 KB). Loaded Objects now: 4246.
Memory consumption went from 0.69 GB to 0.69 GB.
Total: 3.422666 ms (FindLiveObjects: 0.165875 ms CreateObjectMapping: 0.074916 ms MarkObjects: 2.987084 ms  DeleteObjects: 0.194250 ms)

AssetImportParameters requested are different than current active one (requested -> active):
  custom:video-decoder-ogg-theora: a1e56fd34408186e4bbccfd4996cb3dc -> 
  custom:container-muxer-webm: aa71ff27fc2769a1b78a27578f13a17b -> 
  custom:container-demuxer-webm: 4f35f7cbe854078d1ac9338744f61a02 -> 
  custom:video-encoder-webm-vp8: eb34c28f22e8b96e1ab97ce403110664 -> 
  custom:framework-osx-AVFoundation: e770b220cccbd017edd2c1fefb359320 -> 
  custom:audio-encoder-webm-vorbis: bf7c407c2cedff20999df2af8eb42d56 -> 
  custom:container-demuxer-ogg: 62fdf1f143b41e24485cea50d1cbac27 -> 
  custom:video-decoder-webm-vp8: 9c59270c3fd7afecdb556c50c9e8de78 -> 
  custom:audio-decoder-ogg-vorbis: bf7c407c2cedff20999df2af8eb42d56 -> 
========================================================================
Received Prepare
Registering precompiled user dll's ...
Registered in 0.001995 seconds.
Begin MonoManager ReloadAssembly
Thread 0x16e3fb000 may have been prematurely finalized
Symbol file LoadedFromMemory doesn't match image /Users/mixkage/files/github/SpaceWar/SpaceWarProject/Library/PackageCache/com.unity.visualscripting@1.7.8/Editor/VisualScripting.Core/Dependencies/YamlDotNet/Unity.VisualScripting.YamlDotNet.dll
Symbol file LoadedFromMemory doesn't match image /Users/mixkage/files/github/SpaceWar/SpaceWarProject/Library/PackageCache/com.unity.visualscripting@1.7.8/Editor/VisualScripting.Core/Dependencies/DotNetZip/Unity.VisualScripting.IonicZip.dll
Native extension for OSXStandalone target not found
Refreshing native plugins compatible for Editor in 0.62 ms, found 2 plugins.
Preloading 0 native plugins for Editor in 0.00 ms.
Mono: successfully reloaded assembly
- Completed reload, in  1.217 seconds
Domain Reload Profiling:
	ReloadAssembly (1218ms)
		BeginReloadAssembly (102ms)
			ExecutionOrderSort (0ms)
			DisableScriptedObjects (4ms)
			BackupInstance (0ms)
			ReleaseScriptingObjects (0ms)
			CreateAndSetChildDomain (38ms)
		EndReloadAssembly (1021ms)
			LoadAssemblies (84ms)
			RebuildTransferFunctionScriptingTraits (0ms)
			SetupTypeCache (280ms)
				TypeCache.Initialize (274ms)
					TypeCache.ScanAssembly (269ms)
				ResolveRequiredComponents (7ms)
			ReleaseScriptCaches (4ms)
			RebuildScriptCaches (46ms)
			SetupLoadedEditorAssemblies (525ms)
				LogAssemblyErrors (0ms)
				InitializePlatformSupportModulesInManaged (8ms)
				SetLoadedEditorAssemblies (8ms)
				RefreshPlugins (1ms)
				BeforeProcessingInitializeOnLoad (63ms)
				ProcessInitializeOnLoadAttributes (371ms)
				ProcessInitializeOnLoadMethodAttributes (72ms)
				AfterProcessingInitializeOnLoad (2ms)
				EditorAssembliesLoaded (0ms)
			ExecutionOrderSort2 (0ms)
			AwakeInstancesAfterBackupRestoration (8ms)
Platform modules already initialized, skipping
Refreshing native plugins compatible for Editor in 2.06 ms, found 2 plugins.
Preloading 0 native plugins for Editor in 0.00 ms.
Unloading 3733 Unused Serialized files (Serialized files now loaded: 0)
Unloading 23 unused Assets / (22.0 KB). Loaded Objects now: 4249.
Memory consumption went from 0.69 GB to 0.69 GB.
Total: 7.021416 ms (FindLiveObjects: 0.309750 ms CreateObjectMapping: 0.166375 ms MarkObjects: 6.487042 ms  DeleteObjects: 0.056208 ms)

AssetImportParameters requested are different than current active one (requested -> active):
  custom:video-decoder-ogg-theora: a1e56fd34408186e4bbccfd4996cb3dc -> 
  custom:container-muxer-webm: aa71ff27fc2769a1b78a27578f13a17b -> 
  custom:container-demuxer-webm: 4f35f7cbe854078d1ac9338744f61a02 -> 
  custom:video-encoder-webm-vp8: eb34c28f22e8b96e1ab97ce403110664 -> 
  custom:framework-osx-AVFoundation: e770b220cccbd017edd2c1fefb359320 -> 
  custom:audio-encoder-webm-vorbis: bf7c407c2cedff20999df2af8eb42d56 -> 
  custom:container-demuxer-ogg: 62fdf1f143b41e24485cea50d1cbac27 -> 
  custom:video-decoder-webm-vp8: 9c59270c3fd7afecdb556c50c9e8de78 -> 
  custom:audio-decoder-ogg-vorbis: bf7c407c2cedff20999df2af8eb42d56 -> 
========================================================================
Received Import Request.
  Time since last request: 27.009194 seconds.
  path: Assets/LVL1/Prefabs/SpaceShip.prefab
  artifactKey: Guid(7edf62346430e4dbe9e01a67ccc0b79f) Importer(815301076,1909f56bfc062723c751e8b465ee728b)
Start importing Assets/LVL1/Prefabs/SpaceShip.prefab using Guid(7edf62346430e4dbe9e01a67ccc0b79f) Importer(815301076,1909f56bfc062723c751e8b465ee728b)  -> (artifact id: 'afae488e6c0d3b612a8b55a6cd7c016c') in 0.123319 seconds 
========================================================================
Received Prepare
Registering precompiled user dll's ...
Registered in 0.002258 seconds.
Begin MonoManager ReloadAssembly
Thread 0x16e3fb000 may have been prematurely finalized
Symbol file LoadedFromMemory doesn't match image /Users/mixkage/files/github/SpaceWar/SpaceWarProject/Library/PackageCache/com.unity.visualscripting@1.7.8/Editor/VisualScripting.Core/Dependencies/YamlDotNet/Unity.VisualScripting.YamlDotNet.dll
Symbol file LoadedFromMemory doesn't match image /Users/mixkage/files/github/SpaceWar/SpaceWarProject/Library/PackageCache/com.unity.visualscripting@1.7.8/Editor/VisualScripting.Core/Dependencies/DotNetZip/Unity.VisualScripting.IonicZip.dll
Native extension for OSXStandalone target not found
Refreshing native plugins compatible for Editor in 1.42 ms, found 2 plugins.
Preloading 0 native plugins for Editor in 0.00 ms.
Mono: successfully reloaded assembly
- Completed reload, in  1.482 seconds
Domain Reload Profiling:
	ReloadAssembly (1483ms)
		BeginReloadAssembly (137ms)
			ExecutionOrderSort (0ms)
			DisableScriptedObjects (5ms)
			BackupInstance (0ms)
			ReleaseScriptingObjects (0ms)
			CreateAndSetChildDomain (58ms)
		EndReloadAssembly (1257ms)
			LoadAssemblies (63ms)
			RebuildTransferFunctionScriptingTraits (1ms)
			SetupTypeCache (362ms)
				TypeCache.Initialize (346ms)
					TypeCache.ScanAssembly (339ms)
				ResolveRequiredComponents (17ms)
			ReleaseScriptCaches (2ms)
			RebuildScriptCaches (111ms)
			SetupLoadedEditorAssemblies (578ms)
				LogAssemblyErrors (0ms)
				InitializePlatformSupportModulesInManaged (16ms)
				SetLoadedEditorAssemblies (15ms)
				RefreshPlugins (1ms)
				BeforeProcessingInitializeOnLoad (128ms)
				ProcessInitializeOnLoadAttributes (366ms)
				ProcessInitializeOnLoadMethodAttributes (50ms)
				AfterProcessingInitializeOnLoad (1ms)
				EditorAssembliesLoaded (0ms)
			ExecutionOrderSort2 (0ms)
			AwakeInstancesAfterBackupRestoration (5ms)
Platform modules already initialized, skipping
Refreshing native plugins compatible for Editor in 2.49 ms, found 2 plugins.
Preloading 0 native plugins for Editor in 0.00 ms.
Unloading 3733 Unused Serialized files (Serialized files now loaded: 0)
Unloading 24 unused Assets / (22.7 KB). Loaded Objects now: 4252.
Memory consumption went from 0.69 GB to 0.69 GB.
Total: 7.321417 ms (FindLiveObjects: 0.408333 ms CreateObjectMapping: 0.189416 ms MarkObjects: 6.630667 ms  DeleteObjects: 0.090500 ms)

AssetImportParameters requested are different than current active one (requested -> active):
  custom:video-decoder-ogg-theora: a1e56fd34408186e4bbccfd4996cb3dc -> 
  custom:container-muxer-webm: aa71ff27fc2769a1b78a27578f13a17b -> 
  custom:container-demuxer-webm: 4f35f7cbe854078d1ac9338744f61a02 -> 
  custom:video-encoder-webm-vp8: eb34c28f22e8b96e1ab97ce403110664 -> 
  custom:framework-osx-AVFoundation: e770b220cccbd017edd2c1fefb359320 -> 
  custom:audio-encoder-webm-vorbis: bf7c407c2cedff20999df2af8eb42d56 -> 
  custom:container-demuxer-ogg: 62fdf1f143b41e24485cea50d1cbac27 -> 
  custom:video-decoder-webm-vp8: 9c59270c3fd7afecdb556c50c9e8de78 -> 
  custom:audio-decoder-ogg-vorbis: bf7c407c2cedff20999df2af8eb42d56 -> 
========================================================================
Received Import Request.
  Time since last request: 23.234064 seconds.
  path: Assets/LVL1/Prefabs/SpaceShip.prefab
  artifactKey: Guid(7edf62346430e4dbe9e01a67ccc0b79f) Importer(815301076,1909f56bfc062723c751e8b465ee728b)
Start importing Assets/LVL1/Prefabs/SpaceShip.prefab using Guid(7edf62346430e4dbe9e01a67ccc0b79f) Importer(815301076,1909f56bfc062723c751e8b465ee728b)  -> (artifact id: 'd26cdc66b4177fb50ac53fcfa20e1696') in 0.131371 seconds 
AssetImportWorkerClient::OnTransportError - code=2 error=End of file
